TN:
SF:src/diffBuilder.js
FN:3,(anonymous_0)
FN:9,(anonymous_1)
FNF:2
FNH:2
FNDA:3,(anonymous_0)
FNDA:15,(anonymous_1)
DA:3,1
DA:4,3
DA:5,3
DA:6,3
DA:7,3
DA:9,3
DA:10,15
DA:11,15
DA:12,15
DA:13,15
DA:15,15
DA:16,6
DA:19,9
DA:20,3
DA:23,6
DA:24,3
DA:27,3
LF:17
LH:17
BRDA:15,0,0,6
BRDA:15,0,1,9
BRDA:19,1,0,3
BRDA:19,1,1,6
BRDA:23,2,0,3
BRDA:23,2,1,3
BRF:6
BRH:6
end_of_record
TN:
SF:src/parsers.js
FN:4,(anonymous_0)
FN:11,(anonymous_1)
FN:15,(anonymous_2)
FN:24,(anonymous_3)
FN:32,(anonymous_4)
FNF:5
FNH:5
FNDA:8,(anonymous_0)
FNDA:7,(anonymous_1)
FNDA:8,(anonymous_2)
FNDA:6,(anonymous_3)
FNDA:8,(anonymous_4)
DA:4,1
DA:5,8
DA:6,7
DA:8,1
DA:11,1
DA:12,7
DA:15,1
DA:16,8
DA:17,8
DA:18,8
DA:20,1
DA:24,1
DA:25,6
DA:26,6
DA:28,0
DA:32,1
DA:33,8
DA:34,7
DA:36,7
DA:38,6
DA:40,1
LF:21
LH:20
BRDA:5,0,0,7
BRDA:5,0,1,1
BRDA:36,1,0,6
BRDA:36,1,1,1
BRF:4
BRH:4
end_of_record
