TN:
SF:src/diffBuilder.js
FN:3,(anonymous_0)
FN:9,(anonymous_1)
FNF:2
FNH:2
FNDA:2,(anonymous_0)
FNDA:10,(anonymous_1)
DA:3,1
DA:4,2
DA:5,2
DA:6,2
DA:7,2
DA:9,2
DA:10,10
DA:11,10
DA:12,10
DA:13,10
DA:15,10
DA:16,4
DA:19,6
DA:20,2
DA:23,4
DA:24,2
DA:27,2
LF:17
LH:17
BRDA:15,0,0,4
BRDA:15,0,1,6
BRDA:19,1,0,2
BRDA:19,1,1,4
BRDA:23,2,0,2
BRDA:23,2,1,2
BRF:6
BRH:6
end_of_record
TN:
SF:src/parsers.js
FN:5,(anonymous_0)
FN:13,(anonymous_1)
FN:18,(anonymous_2)
FN:28,(anonymous_3)
FN:37,(anonymous_4)
FNF:5
FNH:5
FNDA:5,(anonymous_0)
FNDA:4,(anonymous_1)
FNDA:5,(anonymous_2)
FNDA:4,(anonymous_3)
FNDA:5,(anonymous_4)
DA:5,1
DA:6,5
DA:7,4
DA:9,1
DA:13,1
DA:14,4
DA:18,1
DA:19,5
DA:20,5
DA:21,5
DA:23,1
DA:28,1
DA:29,4
DA:30,4
DA:32,0
DA:37,1
DA:38,5
DA:39,4
DA:41,4
DA:43,4
DA:46,0
LF:21
LH:19
BRDA:6,0,0,4
BRDA:6,0,1,1
BRDA:41,1,0,4
BRDA:41,1,1,0
BRF:4
BRH:3
end_of_record
